# JRE version: OpenJDK Runtime Environment Temurin-21.0.10+7 (21.0.10+7) (build 21.0.10+7-LTS)
# Java VM: OpenJDK 64-Bit Server VM Temurin-21.0.10+7 (21.0.10+7-LTS, mixed mode, sharing, tiered, compressed oops, compressed class ptrs, parallel gc, windows-amd64)
GC Precious Log:
 CardTable entry size: 512
 CPUs: 2 total, 2 available
 Memory: 3470M
 Large Page Support: Disabled
 NUMA Support: Disabled
 Compressed Oops: Enabled (32-bit)
 Alignments: Space 512K, Generation 512K, Heap 2M
 Heap Min Capacity: 100M
 Heap Initial Capacity: 100M
 Heap Max Capacity: 2G
 Pre-touch: Disabled
 Parallel Workers: 2
Heap:
 PSYoungGen      total 2048K, used 160K [0x00000000d5580000, 0x00000000d5980000, 0x0000000100000000)
  eden space 1536K, 6% used [0x00000000d5580000,0x00000000d5598228,0x00000000d5700000)
  from space 512K, 12% used [0x00000000d5900000,0x00000000d5910000,0x00000000d5980000)
  to   space 512K, 0% used [0x00000000d5880000,0x00000000d5880000,0x00000000d5900000)
 ParOldGen       total 844800K, used 234313K [0x0000000080000000, 0x00000000b3900000, 0x00000000d5580000)
  object space 844800K, 27% used [0x0000000080000000,0x000000008e4d25e0,0x00000000b3900000)
 Metaspace       used 76989K, committed 78656K, reserved 1179648K
  class space    used 7899K, committed 8640K, reserved 1048576K
GC Heap History (20 events):
Event: 185.450 GC heap before
{Heap before GC invocations=1299 (full 4):
 PSYoungGen      total 2048K, used 2002K [0x00000000d5580000, 0x00000000d5a00000, 0x0000000100000000)
  eden space 1536K, 97% used [0x00000000d5580000,0x00000000d56f6e40,0x00000000d5700000)
  from space 512K, 98% used [0x00000000d5900000,0x00000000d597dba0,0x00000000d5980000)
  to   space 1536K, 0% used [0x00000000d5700000,0x00000000d5700000,0x00000000d5880000)
 ParOldGen       total 844800K, used 228750K [0x0000000080000000, 0x00000000b3900000, 0x00000000d5580000)
  object space 844800K, 27% used [0x0000000080000000,0x000000008df638c8,0x00000000b3900000)
 Metaspace       used 76804K, committed 78464K, reserved 1179648K
  class space    used 7884K, committed 8640K, reserved 1048576K
}
Event: 185.453 GC heap after
{Heap after GC invocations=1299 (full 4):
 PSYoungGen      total 3072K, used 1490K [0x00000000d5580000, 0x00000000d5b00000, 0x0000000100000000)
  eden space 1536K, 0% used [0x00000000d5580000,0x00000000d5580000,0x00000000d5700000)
  from space 1536K, 97% used [0x00000000d5700000,0x00000000d5874a98,0x00000000d5880000)
  to   space 2048K, 0% used [0x00000000d5900000,0x00000000d5900000,0x00000000d5b00000)
 ParOldGen       total 844800K, used 229247K [0x0000000080000000, 0x00000000b3900000, 0x00000000d5580000)
  object space 844800K, 27% used [0x0000000080000000,0x000000008dfdfd70,0x00000000b3900000)
 Metaspace       used 76804K, committed 78464K, reserved 1179648K
  class space    used 7884K, committed 8640K, reserved 1048576K
}
Event: 185.494 GC heap before
{Heap before GC invocations=1300 (full 4):
 PSYoungGen      total 3072K, used 2941K [0x00000000d5580000, 0x00000000d5b00000, 0x0000000100000000)
  eden space 1536K, 94% used [0x00000000d5580000,0x00000000d56eacf8,0x00000000d5700000)
  from space 1536K, 97% used [0x00000000d5700000,0x00000000d5874a98,0x00000000d5880000)
  to   space 2048K, 0% used [0x00000000d5900000,0x00000000d5900000,0x00000000d5b00000)
 ParOldGen       total 844800K, used 229247K [0x0000000080000000, 0x00000000b3900000, 0x00000000d5580000)
  object space 844800K, 27% used [0x0000000080000000,0x000000008dfdfd70,0x00000000b3900000)
 Metaspace       used 76804K, committed 78464K, reserved 1179648K
  class space    used 7884K, committed 8640K, reserved 1048576K
}
Event: 185.502 GC heap after
{Heap after GC invocations=1300 (full 4):
 PSYoungGen      total 3072K, used 1436K [0x00000000d5580000, 0x00000000d5a80000, 0x0000000100000000)
  eden space 1536K, 0% used [0x00000000d5580000,0x00000000d5580000,0x00000000d5700000)
  from space 1536K, 93% used [0x00000000d5900000,0x00000000d5a67300,0x00000000d5a80000)
  to   space 1536K, 0% used [0x00000000d5700000,0x00000000d5700000,0x00000000d5880000)
 ParOldGen       total 844800K, used 230712K [0x0000000080000000, 0x00000000b3900000, 0x00000000d5580000)
  object space 844800K, 27% used [0x0000000080000000,0x000000008e14e0e8,0x00000000b3900000)
 Metaspace       used 76804K, committed 78464K, reserved 1179648K
  class space    used 7884K, committed 8640K, reserved 1048576K
}
Event: 185.560 GC heap before
{Heap before GC invocations=1301 (full 4):
 PSYoungGen      total 3072K, used 2972K [0x00000000d5580000, 0x00000000d5a80000, 0x0000000100000000)
  eden space 1536K, 100% used [0x00000000d5580000,0x00000000d5700000,0x00000000d5700000)
  from space 1536K, 93% used [0x00000000d5900000,0x00000000d5a67300,0x00000000d5a80000)
  to   space 1536K, 0% used [0x00000000d5700000,0x00000000d5700000,0x00000000d5880000)
 ParOldGen       total 844800K, used 230712K [0x0000000080000000, 0x00000000b3900000, 0x00000000d5580000)
  object space 844800K, 27% used [0x0000000080000000,0x000000008e14e0e8,0x00000000b3900000)
 Metaspace       used 76804K, committed 78464K, reserved 1179648K
  class space    used 7884K, committed 8640K, reserved 1048576K
}
Event: 185.573 GC heap after
{Heap after GC invocations=1301 (full 4):
 PSYoungGen      total 3072K, used 1535K [0x00000000d5580000, 0x00000000d5b00000, 0x0000000100000000)
  eden space 1536K, 0% used [0x00000000d5580000,0x00000000d5580000,0x00000000d5700000)
  from space 1536K, 99% used [0x00000000d5700000,0x00000000d587fce8,0x00000000d5880000)
  to   space 2048K, 0% used [0x00000000d5900000,0x00000000d5900000,0x00000000d5b00000)
 ParOldGen       total 844800K, used 232073K [0x0000000080000000, 0x00000000b3900000, 0x00000000d5580000)
  object space 844800K, 27% used [0x0000000080000000,0x000000008e2a26f0,0x00000000b3900000)
 Metaspace       used 76804K, committed 78464K, reserved 1179648K
  class space    used 7884K, committed 8640K, reserved 1048576K
}
Event: 185.649 GC heap before
{Heap before GC invocations=1302 (full 4):
 PSYoungGen      total 3072K, used 3071K [0x00000000d5580000, 0x00000000d5b00000, 0x0000000100000000)
  eden space 1536K, 100% used [0x00000000d5580000,0x00000000d5700000,0x00000000d5700000)
  from space 1536K, 99% used [0x00000000d5700000,0x00000000d587fce8,0x00000000d5880000)
  to   space 2048K, 0% used [0x00000000d5900000,0x00000000d5900000,0x00000000d5b00000)
 ParOldGen       total 844800K, used 232073K [0x0000000080000000, 0x00000000b3900000, 0x00000000d5580000)
  object space 844800K, 27% used [0x0000000080000000,0x000000008e2a26f0,0x00000000b3900000)
 Metaspace       used 76804K, committed 78464K, reserved 1179648K
  class space    used 7884K, committed 8640K, reserved 1048576K
}
Event: 185.659 GC heap after
{Heap after GC invocations=1302 (full 4):
 PSYoungGen      total 2560K, used 723K [0x00000000d5580000, 0x00000000d5a00000, 0x0000000100000000)
  eden space 1536K, 0% used [0x00000000d5580000,0x00000000d5580000,0x00000000d5700000)
  from space 1024K, 70% used [0x00000000d5900000,0x00000000d59b4ce0,0x00000000d5a00000)
  to   space 1024K, 0% used [0x00000000d5800000,0x00000000d5800000,0x00000000d5900000)
 ParOldGen       total 844800K, used 233533K [0x0000000080000000, 0x00000000b3900000, 0x00000000d5580000)
  object space 844800K, 27% used [0x0000000080000000,0x000000008e40f590,0x00000000b3900000)
 Metaspace       used 76804K, committed 78464K, reserved 1179648K
  class space    used 7884K, committed 8640K, reserved 1048576K
}
Event: 185.972 GC heap before
{Heap before GC invocations=1303 (full 4):
 PSYoungGen      total 2560K, used 2259K [0x00000000d5580000, 0x00000000d5a00000, 0x0000000100000000)
  eden space 1536K, 100% used [0x00000000d5580000,0x00000000d5700000,0x00000000d5700000)
  from space 1024K, 70% used [0x00000000d5900000,0x00000000d59b4ce0,0x00000000d5a00000)
  to   space 1024K, 0% used [0x00000000d5800000,0x00000000d5800000,0x00000000d5900000)
 ParOldGen       total 844800K, used 233533K [0x0000000080000000, 0x00000000b3900000, 0x00000000d5580000)
  object space 844800K, 27% used [0x0000000080000000,0x000000008e40f590,0x00000000b3900000)
 Metaspace       used 76804K, committed 78464K, reserved 1179648K
  class space    used 7884K, committed 8640K, reserved 1048576K
}
Event: 185.978 GC heap after
{Heap after GC invocations=1303 (full 4):
 PSYoungGen      total 2560K, used 192K [0x00000000d5580000, 0x00000000d5980000, 0x0000000100000000)
  eden space 1536K, 0% used [0x00000000d5580000,0x00000000d5580000,0x00000000d5700000)
  from space 1024K, 18% used [0x00000000d5800000,0x00000000d5830000,0x00000000d5900000)
  to   space 512K, 0% used [0x00000000d5900000,0x00000000d5900000,0x00000000d5980000)
 ParOldGen       total 844800K, used 233893K [0x0000000080000000, 0x00000000b3900000, 0x00000000d5580000)
  object space 844800K, 27% used [0x0000000080000000,0x000000008e469590,0x00000000b3900000)
 Metaspace       used 76804K, committed 78464K, reserved 1179648K
  class space    used 7884K, committed 8640K, reserved 1048576K
}
Event: 186.334 GC heap before
{Heap before GC invocations=1304 (full 4):
 PSYoungGen      total 2560K, used 1728K [0x00000000d5580000, 0x00000000d5980000, 0x0000000100000000)
  eden space 1536K, 100% used [0x00000000d5580000,0x00000000d5700000,0x00000000d5700000)
  from space 1024K, 18% used [0x00000000d5800000,0x00000000d5830000,0x00000000d5900000)
  to   space 512K, 0% used [0x00000000d5900000,0x00000000d5900000,0x00000000d5980000)
 ParOldGen       total 844800K, used 233893K [0x0000000080000000, 0x00000000b3900000, 0x00000000d5580000)
  object space 844800K, 27% used [0x0000000080000000,0x000000008e469590,0x00000000b3900000)
 Metaspace       used 76906K, committed 78528K, reserved 1179648K
  class space    used 7893K, committed 8640K, reserved 1048576K
}
Event: 186.338 GC heap after
{Heap after GC invocations=1304 (full 4):
 PSYoungGen      total 2048K, used 176K [0x00000000d5580000, 0x00000000d5980000, 0x0000000100000000)
  eden space 1536K, 0% used [0x00000000d5580000,0x00000000d5580000,0x00000000d5700000)
  from space 512K, 34% used [0x00000000d5900000,0x00000000d592c030,0x00000000d5980000)
  to   space 512K, 0% used [0x00000000d5880000,0x00000000d5880000,0x00000000d5900000)
 ParOldGen       total 844800K, used 234065K [0x0000000080000000, 0x00000000b3900000, 0x00000000d5580000)
  object space 844800K, 27% used [0x0000000080000000,0x000000008e4945a0,0x00000000b3900000)
 Metaspace       used 76906K, committed 78528K, reserved 1179648K
  class space    used 7893K, committed 8640K, reserved 1048576K
}
Event: 186.660 GC heap before
{Heap before GC invocations=1305 (full 4):
 PSYoungGen      total 2048K, used 1712K [0x00000000d5580000, 0x00000000d5980000, 0x0000000100000000)
  eden space 1536K, 100% used [0x00000000d5580000,0x00000000d5700000,0x00000000d5700000)
  from space 512K, 34% used [0x00000000d5900000,0x00000000d592c030,0x00000000d5980000)
  to   space 512K, 0% used [0x00000000d5880000,0x00000000d5880000,0x00000000d5900000)
 ParOldGen       total 844800K, used 234065K [0x0000000080000000, 0x00000000b3900000, 0x00000000d5580000)
  object space 844800K, 27% used [0x0000000080000000,0x000000008e4945a0,0x00000000b3900000)
 Metaspace       used 76923K, committed 78592K, reserved 1179648K
  class space    used 7893K, committed 8640K, reserved 1048576K
}
Event: 186.662 GC heap after
{Heap after GC invocations=1305 (full 4):
 PSYoungGen      total 2048K, used 96K [0x00000000d5580000, 0x00000000d5980000, 0x0000000100000000)
  eden space 1536K, 0% used [0x00000000d5580000,0x00000000d5580000,0x00000000d5700000)
  from space 512K, 18% used [0x00000000d5880000,0x00000000d5898000,0x00000000d5900000)
  to   space 512K, 0% used [0x00000000d5900000,0x00000000d5900000,0x00000000d5980000)
 ParOldGen       total 844800K, used 234097K [0x0000000080000000, 0x00000000b3900000, 0x00000000d5580000)
  object space 844800K, 27% used [0x0000000080000000,0x000000008e49c5b0,0x00000000b3900000)
 Metaspace       used 76923K, committed 78592K, reserved 1179648K
  class space    used 7893K, committed 8640K, reserved 1048576K
}
Event: 187.071 GC heap before
{Heap before GC invocations=1306 (full 4):
 PSYoungGen      total 2048K, used 1631K [0x00000000d5580000, 0x00000000d5980000, 0x0000000100000000)
  eden space 1536K, 99% used [0x00000000d5580000,0x00000000d56ffff8,0x00000000d5700000)
  from space 512K, 18% used [0x00000000d5880000,0x00000000d5898000,0x00000000d5900000)
  to   space 512K, 0% used [0x00000000d5900000,0x00000000d5900000,0x00000000d5980000)
 ParOldGen       total 844800K, used 234097K [0x0000000080000000, 0x00000000b3900000, 0x00000000d5580000)
  object space 844800K, 27% used [0x0000000080000000,0x000000008e49c5b0,0x00000000b3900000)
 Metaspace       used 76960K, committed 78656K, reserved 1179648K
  class space    used 7895K, committed 8640K, reserved 1048576K
}
Event: 187.074 GC heap after
{Heap after GC invocations=1306 (full 4):
 PSYoungGen      total 2048K, used 64K [0x00000000d5580000, 0x00000000d5980000, 0x0000000100000000)
  eden space 1536K, 0% used [0x00000000d5580000,0x00000000d5580000,0x00000000d5700000)
  from space 512K, 12% used [0x00000000d5900000,0x00000000d5910000,0x00000000d5980000)
  to   space 512K, 0% used [0x00000000d5880000,0x00000000d5880000,0x00000000d5900000)
 ParOldGen       total 844800K, used 234121K [0x0000000080000000, 0x00000000b3900000, 0x00000000d5580000)
  object space 844800K, 27% used [0x0000000080000000,0x000000008e4a25b0,0x00000000b3900000)
 Metaspace       used 76960K, committed 78656K, reserved 1179648K
  class space    used 7895K, committed 8640K, reserved 1048576K
}
Event: 187.270 GC heap before
{Heap before GC invocations=1307 (full 4):
 PSYoungGen      total 2048K, used 1600K [0x00000000d5580000, 0x00000000d5980000, 0x0000000100000000)
  eden space 1536K, 100% used [0x00000000d5580000,0x00000000d5700000,0x00000000d5700000)
  from space 512K, 12% used [0x00000000d5900000,0x00000000d5910000,0x00000000d5980000)
  to   space 512K, 0% used [0x00000000d5880000,0x00000000d5880000,0x00000000d5900000)
 ParOldGen       total 844800K, used 234121K [0x0000000080000000, 0x00000000b3900000, 0x00000000d5580000)
  object space 844800K, 27% used [0x0000000080000000,0x000000008e4a25b0,0x00000000b3900000)
 Metaspace       used 76962K, committed 78656K, reserved 1179648K
  class space    used 7895K, committed 8640K, reserved 1048576K
}
Event: 187.272 GC heap after
{Heap after GC invocations=1307 (full 4):
 PSYoungGen      total 2048K, used 224K [0x00000000d5580000, 0x00000000d5980000, 0x0000000100000000)
  eden space 1536K, 0% used [0x00000000d5580000,0x00000000d5580000,0x00000000d5700000)
  from space 512K, 43% used [0x00000000d5880000,0x00000000d58b8040,0x00000000d5900000)
  to   space 512K, 0% used [0x00000000d5900000,0x00000000d5900000,0x00000000d5980000)
 ParOldGen       total 844800K, used 234177K [0x0000000080000000, 0x00000000b3900000, 0x00000000d5580000)
  object space 844800K, 27% used [0x0000000080000000,0x000000008e4b05b0,0x00000000b3900000)
 Metaspace       used 76962K, committed 78656K, reserved 1179648K
  class space    used 7895K, committed 8640K, reserved 1048576K
}
Event: 372.379 GC heap before
{Heap before GC invocations=1308 (full 4):
 PSYoungGen      total 2048K, used 1760K [0x00000000d5580000, 0x00000000d5980000, 0x0000000100000000)
  eden space 1536K, 99% used [0x00000000d5580000,0x00000000d56fffe0,0x00000000d5700000)
  from space 512K, 43% used [0x00000000d5880000,0x00000000d58b8040,0x00000000d5900000)
  to   space 512K, 0% used [0x00000000d5900000,0x00000000d5900000,0x00000000d5980000)
 ParOldGen       total 844800K, used 234177K [0x0000000080000000, 0x00000000b3900000, 0x00000000d5580000)
  object space 844800K, 27% used [0x0000000080000000,0x000000008e4b05b0,0x00000000b3900000)
 Metaspace       used 76985K, committed 78656K, reserved 1179648K
  class space    used 7897K, committed 8640K, reserved 1048576K
}
Event: 372.508 GC heap after
{Heap after GC invocations=1308 (full 4):
 PSYoungGen      total 2048K, used 64K [0x00000000d5580000, 0x00000000d5980000, 0x0000000100000000)
  eden space 1536K, 0% used [0x00000000d5580000,0x00000000d5580000,0x00000000d5700000)
  from space 512K, 12% used [0x00000000d5900000,0x00000000d5910000,0x00000000d5980000)
  to   space 512K, 0% used [0x00000000d5880000,0x00000000d5880000,0x00000000d5900000)
 ParOldGen       total 844800K, used 234313K [0x0000000080000000, 0x00000000b3900000, 0x00000000d5580000)
  object space 844800K, 27% used [0x0000000080000000,0x000000008e4d25e0,0x00000000b3900000)
 Metaspace       used 76985K, committed 78656K, reserved 1179648K
  class space    used 7897K, committed 8640K, reserved 1048576K
}

